# JRE version: Java(TM) SE Runtime Environment (17.0.9+11) (build 17.0.9+11-LTS-201)
# Java VM: Java HotSpot(TM) 64-Bit Server VM (17.0.9+11-LTS-201, mixed mode, sharing, tiered, compressed oops, compressed class ptrs, g1 gc, windows-amd64)
GC Precious Log:
 CPUs: 12 total, 12 available
 Memory: 16190M
 Large Page Support: Disabled
 NUMA Support: Disabled
 Compressed Oops: Enabled (Zero based)
 Heap Region Size: 2M
 Heap Min Capacity: 8M
 Heap Initial Capacity: 254M
 Heap Max Capacity: 4048M
 Pre-touch: Disabled
 Parallel Workers: 10
 Concurrent Workers: 3
 Concurrent Refinement Workers: 10
 Periodic GC: Disabled
Heap:
 garbage-first heap   total 110592K, used 66729K [0x0000000703000000, 0x0000000800000000)
  region size 2048K, 13 young (26624K), 3 survivors (6144K)
 Metaspace       used 87804K, committed 88896K, reserved 1179648K
  class space    used 11812K, committed 12352K, reserved 1048576K
GC Heap History (20 events):
Event: 2.340 GC heap before
{Heap before GC invocations=8 (full 0):
 garbage-first heap   total 55296K, used 37236K [0x0000000703000000, 0x0000000800000000)
  region size 2048K, 10 young (20480K), 1 survivors (2048K)
 Metaspace       used 29422K, committed 29824K, reserved 1114112K
  class space    used 3783K, committed 3968K, reserved 1048576K
}
Event: 2.342 GC heap after
{Heap after GC invocations=9 (full 0):
 garbage-first heap   total 55296K, used 20011K [0x0000000703000000, 0x0000000800000000)
  region size 2048K, 2 young (4096K), 2 survivors (4096K)
 Metaspace       used 29422K, committed 29824K, reserved 1114112K
  class space    used 3783K, committed 3968K, reserved 1048576K
}
Event: 2.638 GC heap before
{Heap before GC invocations=9 (full 0):
 garbage-first heap   total 55296K, used 36395K [0x0000000703000000, 0x0000000800000000)
  region size 2048K, 11 young (22528K), 2 survivors (4096K)
 Metaspace       used 32612K, committed 33024K, reserved 1114112K
  class space    used 4289K, committed 4480K, reserved 1048576K
}
Event: 2.641 GC heap after
{Heap after GC invocations=10 (full 0):
 garbage-first heap   total 55296K, used 21979K [0x0000000703000000, 0x0000000800000000)
  region size 2048K, 2 young (4096K), 2 survivors (4096K)
 Metaspace       used 32612K, committed 33024K, reserved 1114112K
  class space    used 4289K, committed 4480K, reserved 1048576K
}
Event: 2.985 GC heap before
{Heap before GC invocations=10 (full 0):
 garbage-first heap   total 55296K, used 38363K [0x0000000703000000, 0x0000000800000000)
  region size 2048K, 10 young (20480K), 2 survivors (4096K)
 Metaspace       used 35254K, committed 35712K, reserved 1114112K
  class space    used 4574K, committed 4800K, reserved 1048576K
}
Event: 2.987 GC heap after
{Heap after GC invocations=11 (full 0):
 garbage-first heap   total 55296K, used 23242K [0x0000000703000000, 0x0000000800000000)
  region size 2048K, 2 young (4096K), 2 survivors (4096K)
 Metaspace       used 35254K, committed 35712K, reserved 1114112K
  class space    used 4574K, committed 4800K, reserved 1048576K
}
Event: 3.037 GC heap before
{Heap before GC invocations=11 (full 0):
 garbage-first heap   total 55296K, used 25290K [0x0000000703000000, 0x0000000800000000)
  region size 2048K, 4 young (8192K), 2 survivors (4096K)
 Metaspace       used 35691K, committed 36096K, reserved 1114112K
  class space    used 4637K, committed 4864K, reserved 1048576K
}
Event: 3.039 GC heap after
{Heap after GC invocations=12 (full 0):
 garbage-first heap   total 55296K, used 23479K [0x0000000703000000, 0x0000000800000000)
  region size 2048K, 1 young (2048K), 1 survivors (2048K)
 Metaspace       used 35691K, committed 36096K, reserved 1114112K
  class space    used 4637K, committed 4864K, reserved 1048576K
}
Event: 3.429 GC heap before
{Heap before GC invocations=13 (full 0):
 garbage-first heap   total 55296K, used 41911K [0x0000000703000000, 0x0000000800000000)
  region size 2048K, 10 young (20480K), 1 survivors (2048K)
 Metaspace       used 39420K, committed 39936K, reserved 1114112K
  class space    used 5207K, committed 5440K, reserved 1048576K
}
Event: 3.431 GC heap after
{Heap after GC invocations=14 (full 0):
 garbage-first heap   total 157696K, used 24547K [0x0000000703000000, 0x0000000800000000)
  region size 2048K, 2 young (4096K), 2 survivors (4096K)
 Metaspace       used 39420K, committed 39936K, reserved 1114112K
  class space    used 5207K, committed 5440K, reserved 1048576K
}
Event: 4.784 GC heap before
{Heap before GC invocations=14 (full 0):
 garbage-first heap   total 157696K, used 96227K [0x0000000703000000, 0x0000000800000000)
  region size 2048K, 38 young (77824K), 2 survivors (4096K)
 Metaspace       used 59844K, committed 60288K, reserved 1114112K
  class space    used 7968K, committed 8192K, reserved 1048576K
}
Event: 4.788 GC heap after
{Heap after GC invocations=15 (full 0):
 garbage-first heap   total 157696K, used 29353K [0x0000000703000000, 0x0000000800000000)
  region size 2048K, 4 young (8192K), 4 survivors (8192K)
 Metaspace       used 59844K, committed 60288K, reserved 1114112K
  class space    used 7968K, committed 8192K, reserved 1048576K
}
Event: 5.600 GC heap before
{Heap before GC invocations=16 (full 0):
 garbage-first heap   total 110592K, used 86697K [0x0000000703000000, 0x0000000800000000)
  region size 2048K, 32 young (65536K), 4 survivors (8192K)
 Metaspace       used 69125K, committed 69696K, reserved 1114112K
  class space    used 9387K, committed 9664K, reserved 1048576K
}
Event: 5.605 GC heap after
{Heap after GC invocations=17 (full 0):
 garbage-first heap   total 110592K, used 33010K [0x0000000703000000, 0x0000000800000000)
  region size 2048K, 2 young (4096K), 2 survivors (4096K)
 Metaspace       used 69125K, committed 69696K, reserved 1114112K
  class space    used 9387K, committed 9664K, reserved 1048576K
}
Event: 6.500 GC heap before
{Heap before GC invocations=17 (full 0):
 garbage-first heap   total 110592K, used 84210K [0x0000000703000000, 0x0000000800000000)
  region size 2048K, 27 young (55296K), 2 survivors (4096K)
 Metaspace       used 76512K, committed 77120K, reserved 1179648K
  class space    used 10414K, committed 10688K, reserved 1048576K
}
Event: 6.505 GC heap after
{Heap after GC invocations=18 (full 0):
 garbage-first heap   total 110592K, used 36681K [0x0000000703000000, 0x0000000800000000)
  region size 2048K, 4 young (8192K), 4 survivors (8192K)
 Metaspace       used 76512K, committed 77120K, reserved 1179648K
  class space    used 10414K, committed 10688K, reserved 1048576K
}
Event: 7.021 GC heap before
{Heap before GC invocations=18 (full 0):
 garbage-first heap   total 110592K, used 83785K [0x0000000703000000, 0x0000000800000000)
  region size 2048K, 27 young (55296K), 4 survivors (8192K)
 Metaspace       used 81281K, committed 82176K, reserved 1179648K
  class space    used 10970K, committed 11392K, reserved 1048576K
}
Event: 7.026 GC heap after
{Heap after GC invocations=19 (full 0):
 garbage-first heap   total 110592K, used 42822K [0x0000000703000000, 0x0000000800000000)
  region size 2048K, 4 young (8192K), 4 survivors (8192K)
 Metaspace       used 81281K, committed 82176K, reserved 1179648K
  class space    used 10970K, committed 11392K, reserved 1048576K
}
Event: 11.568 GC heap before
{Heap before GC invocations=19 (full 0):
 garbage-first heap   total 110592K, used 81734K [0x0000000703000000, 0x0000000800000000)
  region size 2048K, 24 young (49152K), 4 survivors (8192K)
 Metaspace       used 84857K, committed 85888K, reserved 1179648K
  class space    used 11413K, committed 11904K, reserved 1048576K
}
Event: 11.573 GC heap after
{Heap after GC invocations=20 (full 0):
 garbage-first heap   total 110592K, used 48297K [0x0000000703000000, 0x0000000800000000)
  region size 2048K, 3 young (6144K), 3 survivors (6144K)
 Metaspace       used 84857K, committed 85888K, reserved 1179648K
  class space    used 11413K, committed 11904K, reserved 1048576K
}

