# JRE version: Java(TM) SE Runtime Environment (17.0.9+11) (build 17.0.9+11-LTS-201)
# Java VM: Java HotSpot(TM) 64-Bit Server VM (17.0.9+11-LTS-201, mixed mode, sharing, tiered, compressed oops, compressed class ptrs, g1 gc, windows-amd64)
GC Precious Log:
 CPUs: 12 total, 12 available
 Memory: 16190M
 Large Page Support: Disabled
 NUMA Support: Disabled
 Compressed Oops: Enabled (Zero based)
 Heap Region Size: 2M
 Heap Min Capacity: 8M
 Heap Initial Capacity: 254M
 Heap Max Capacity: 4048M
 Pre-touch: Disabled
 Parallel Workers: 10
 Concurrent Workers: 3
 Concurrent Refinement Workers: 10
 Periodic GC: Disabled
Heap:
 garbage-first heap   total 110592K, used 73246K [0x0000000703000000, 0x0000000800000000)
  region size 2048K, 20 young (40960K), 4 survivors (8192K)
 Metaspace       used 83499K, committed 84608K, reserved 1179648K
  class space    used 11237K, committed 11776K, reserved 1048576K
GC Heap History (20 events):
Event: 1.882 GC heap before
{Heap before GC invocations=7 (full 0):
 garbage-first heap   total 55296K, used 36260K [0x0000000703000000, 0x0000000800000000)
  region size 2048K, 10 young (20480K), 1 survivors (2048K)
 Metaspace       used 26911K, committed 27328K, reserved 1114112K
  class space    used 3418K, committed 3648K, reserved 1048576K
}
Event: 1.884 GC heap after
{Heap after GC invocations=8 (full 0):
 garbage-first heap   total 55296K, used 18602K [0x0000000703000000, 0x0000000800000000)
  region size 2048K, 1 young (2048K), 1 survivors (2048K)
 Metaspace       used 26911K, committed 27328K, reserved 1114112K
  class space    used 3418K, committed 3648K, reserved 1048576K
}
Event: 2.183 GC heap before
{Heap before GC invocations=8 (full 0):
 garbage-first heap   total 55296K, used 37034K [0x0000000703000000, 0x0000000800000000)
  region size 2048K, 10 young (20480K), 1 survivors (2048K)
 Metaspace       used 29258K, committed 29632K, reserved 1114112K
  class space    used 3767K, committed 3968K, reserved 1048576K
}
Event: 2.185 GC heap after
{Heap after GC invocations=9 (full 0):
 garbage-first heap   total 55296K, used 19752K [0x0000000703000000, 0x0000000800000000)
  region size 2048K, 2 young (4096K), 2 survivors (4096K)
 Metaspace       used 29258K, committed 29632K, reserved 1114112K
  class space    used 3767K, committed 3968K, reserved 1048576K
}
Event: 2.483 GC heap before
{Heap before GC invocations=9 (full 0):
 garbage-first heap   total 55296K, used 38184K [0x0000000703000000, 0x0000000800000000)
  region size 2048K, 11 young (22528K), 2 survivors (4096K)
 Metaspace       used 32545K, committed 32960K, reserved 1114112K
  class space    used 4282K, committed 4480K, reserved 1048576K
}
Event: 2.485 GC heap after
{Heap after GC invocations=10 (full 0):
 garbage-first heap   total 55296K, used 21716K [0x0000000703000000, 0x0000000800000000)
  region size 2048K, 2 young (4096K), 2 survivors (4096K)
 Metaspace       used 32545K, committed 32960K, reserved 1114112K
  class space    used 4282K, committed 4480K, reserved 1048576K
}
Event: 2.761 GC heap before
{Heap before GC invocations=10 (full 0):
 garbage-first heap   total 55296K, used 40148K [0x0000000703000000, 0x0000000800000000)
  region size 2048K, 11 young (22528K), 2 survivors (4096K)
 Metaspace       used 35432K, committed 35968K, reserved 1114112K
  class space    used 4597K, committed 4864K, reserved 1048576K
}
Event: 2.763 GC heap after
{Heap after GC invocations=11 (full 0):
 garbage-first heap   total 55296K, used 22950K [0x0000000703000000, 0x0000000800000000)
  region size 2048K, 2 young (4096K), 2 survivors (4096K)
 Metaspace       used 35432K, committed 35968K, reserved 1114112K
  class space    used 4597K, committed 4864K, reserved 1048576K
}
Event: 2.767 GC heap before
{Heap before GC invocations=11 (full 0):
 garbage-first heap   total 55296K, used 22950K [0x0000000703000000, 0x0000000800000000)
  region size 2048K, 3 young (6144K), 2 survivors (4096K)
 Metaspace       used 35497K, committed 35968K, reserved 1114112K
  class space    used 4606K, committed 4864K, reserved 1048576K
}
Event: 2.769 GC heap after
{Heap after GC invocations=12 (full 0):
 garbage-first heap   total 55296K, used 23126K [0x0000000703000000, 0x0000000800000000)
  region size 2048K, 1 young (2048K), 1 survivors (2048K)
 Metaspace       used 35497K, committed 35968K, reserved 1114112K
  class space    used 4606K, committed 4864K, reserved 1048576K
}
Event: 3.059 GC heap before
{Heap before GC invocations=13 (full 0):
 garbage-first heap   total 55296K, used 41558K [0x0000000703000000, 0x0000000800000000)
  region size 2048K, 10 young (20480K), 1 survivors (2048K)
 Metaspace       used 39137K, committed 39616K, reserved 1114112K
  class space    used 5147K, committed 5376K, reserved 1048576K
}
Event: 3.061 GC heap after
{Heap after GC invocations=14 (full 0):
 garbage-first heap   total 157696K, used 24276K [0x0000000703000000, 0x0000000800000000)
  region size 2048K, 2 young (4096K), 2 survivors (4096K)
 Metaspace       used 39137K, committed 39616K, reserved 1114112K
  class space    used 5147K, committed 5376K, reserved 1048576K
}
Event: 4.209 GC heap before
{Heap before GC invocations=14 (full 0):
 garbage-first heap   total 157696K, used 95956K [0x0000000703000000, 0x0000000800000000)
  region size 2048K, 38 young (77824K), 2 survivors (4096K)
 Metaspace       used 59668K, committed 60160K, reserved 1114112K
  class space    used 7940K, committed 8192K, reserved 1048576K
}
Event: 4.213 GC heap after
{Heap after GC invocations=15 (full 0):
 garbage-first heap   total 157696K, used 29229K [0x0000000703000000, 0x0000000800000000)
  region size 2048K, 4 young (8192K), 4 survivors (8192K)
 Metaspace       used 59668K, committed 60160K, reserved 1114112K
  class space    used 7940K, committed 8192K, reserved 1048576K
}
Event: 4.949 GC heap before
{Heap before GC invocations=16 (full 0):
 garbage-first heap   total 110592K, used 86573K [0x0000000703000000, 0x0000000800000000)
  region size 2048K, 32 young (65536K), 4 survivors (8192K)
 Metaspace       used 69064K, committed 69696K, reserved 1114112K
  class space    used 9377K, committed 9664K, reserved 1048576K
}
Event: 4.954 GC heap after
{Heap after GC invocations=17 (full 0):
 garbage-first heap   total 110592K, used 32782K [0x0000000703000000, 0x0000000800000000)
  region size 2048K, 2 young (4096K), 2 survivors (4096K)
 Metaspace       used 69064K, committed 69696K, reserved 1114112K
  class space    used 9377K, committed 9664K, reserved 1048576K
}
Event: 12.059 GC heap before
{Heap before GC invocations=17 (full 0):
 garbage-first heap   total 110592K, used 83982K [0x0000000703000000, 0x0000000800000000)
  region size 2048K, 27 young (55296K), 2 survivors (4096K)
 Metaspace       used 75818K, committed 76480K, reserved 1179648K
  class space    used 10321K, committed 10624K, reserved 1048576K
}
Event: 12.064 GC heap after
{Heap after GC invocations=18 (full 0):
 garbage-first heap   total 110592K, used 36215K [0x0000000703000000, 0x0000000800000000)
  region size 2048K, 4 young (8192K), 4 survivors (8192K)
 Metaspace       used 75818K, committed 76480K, reserved 1179648K
  class space    used 10321K, committed 10624K, reserved 1048576K
}
Event: 12.618 GC heap before
{Heap before GC invocations=18 (full 0):
 garbage-first heap   total 110592K, used 85367K [0x0000000703000000, 0x0000000800000000)
  region size 2048K, 28 young (57344K), 4 survivors (8192K)
 Metaspace       used 81313K, committed 82240K, reserved 1179648K
  class space    used 10975K, committed 11392K, reserved 1048576K
}
Event: 12.623 GC heap after
{Heap after GC invocations=19 (full 0):
 garbage-first heap   total 110592K, used 42526K [0x0000000703000000, 0x0000000800000000)
  region size 2048K, 4 young (8192K), 4 survivors (8192K)
 Metaspace       used 81313K, committed 82240K, reserved 1179648K
  class space    used 10975K, committed 11392K, reserved 1048576K
}

