# JRE version: Java(TM) SE Runtime Environment (17.0.9+11) (build 17.0.9+11-LTS-201)
# Java VM: Java HotSpot(TM) 64-Bit Server VM (17.0.9+11-LTS-201, mixed mode, sharing, tiered, compressed oops, compressed class ptrs, g1 gc, windows-amd64)
GC Precious Log:
 CPUs: 12 total, 12 available
 Memory: 16190M
 Large Page Support: Disabled
 NUMA Support: Disabled
 Compressed Oops: Enabled (Zero based)
 Heap Region Size: 2M
 Heap Min Capacity: 8M
 Heap Initial Capacity: 254M
 Heap Max Capacity: 4048M
 Pre-touch: Disabled
 Parallel Workers: 10
 Concurrent Workers: 3
 Concurrent Refinement Workers: 10
 Periodic GC: Disabled
Heap:
 garbage-first heap   total 116736K, used 66211K [0x0000000703000000, 0x0000000800000000)
  region size 2048K, 16 young (32768K), 4 survivors (8192K)
 Metaspace       used 83635K, committed 84736K, reserved 1179648K
  class space    used 11239K, committed 11776K, reserved 1048576K
GC Heap History (20 events):
Event: 3.551 GC heap before
{Heap before GC invocations=10 (full 0):
 garbage-first heap   total 55296K, used 24461K [0x0000000703000000, 0x0000000800000000)
  region size 2048K, 4 young (8192K), 2 survivors (4096K)
 Metaspace       used 35493K, committed 35968K, reserved 1114112K
  class space    used 4602K, committed 4864K, reserved 1048576K
}
Event: 3.553 GC heap after
{Heap after GC invocations=11 (full 0):
 garbage-first heap   total 55296K, used 22684K [0x0000000703000000, 0x0000000800000000)
  region size 2048K, 1 young (2048K), 1 survivors (2048K)
 Metaspace       used 35493K, committed 35968K, reserved 1114112K
  class space    used 4602K, committed 4864K, reserved 1048576K
}
Event: 3.875 GC heap before
{Heap before GC invocations=12 (full 0):
 garbage-first heap   total 55296K, used 41116K [0x0000000703000000, 0x0000000800000000)
  region size 2048K, 10 young (20480K), 1 survivors (2048K)
 Metaspace       used 39028K, committed 39552K, reserved 1114112K
  class space    used 5112K, committed 5376K, reserved 1048576K
}
Event: 3.877 GC heap after
{Heap after GC invocations=13 (full 0):
 garbage-first heap   total 55296K, used 23811K [0x0000000703000000, 0x0000000800000000)
  region size 2048K, 2 young (4096K), 2 survivors (4096K)
 Metaspace       used 39028K, committed 39552K, reserved 1114112K
  class space    used 5112K, committed 5376K, reserved 1048576K
}
Event: 4.124 GC heap before
{Heap before GC invocations=13 (full 0):
 garbage-first heap   total 55296K, used 40195K [0x0000000703000000, 0x0000000800000000)
  region size 2048K, 10 young (20480K), 2 survivors (4096K)
 Metaspace       used 42330K, committed 42880K, reserved 1114112K
  class space    used 5701K, committed 5952K, reserved 1048576K
}
Event: 4.126 GC heap after
{Heap after GC invocations=14 (full 0):
 garbage-first heap   total 55296K, used 24708K [0x0000000703000000, 0x0000000800000000)
  region size 2048K, 2 young (4096K), 2 survivors (4096K)
 Metaspace       used 42330K, committed 42880K, reserved 1114112K
  class space    used 5701K, committed 5952K, reserved 1048576K
}
Event: 4.521 GC heap before
{Heap before GC invocations=14 (full 0):
 garbage-first heap   total 55296K, used 39044K [0x0000000703000000, 0x0000000800000000)
  region size 2048K, 10 young (20480K), 2 survivors (4096K)
 Metaspace       used 50433K, committed 50944K, reserved 1114112K
  class space    used 6648K, committed 6912K, reserved 1048576K
}
Event: 4.523 GC heap after
{Heap after GC invocations=15 (full 0):
 garbage-first heap   total 55296K, used 26716K [0x0000000703000000, 0x0000000800000000)
  region size 2048K, 2 young (4096K), 2 survivors (4096K)
 Metaspace       used 50433K, committed 50944K, reserved 1114112K
  class space    used 6648K, committed 6912K, reserved 1048576K
}
Event: 4.741 GC heap before
{Heap before GC invocations=15 (full 0):
 garbage-first heap   total 55296K, used 41052K [0x0000000703000000, 0x0000000800000000)
  region size 2048K, 9 young (18432K), 2 survivors (4096K)
 Metaspace       used 53143K, committed 53632K, reserved 1114112K
  class space    used 7038K, committed 7296K, reserved 1048576K
}
Event: 4.744 GC heap after
{Heap after GC invocations=16 (full 0):
 garbage-first heap   total 55296K, used 27817K [0x0000000703000000, 0x0000000800000000)
  region size 2048K, 2 young (4096K), 2 survivors (4096K)
 Metaspace       used 53143K, committed 53632K, reserved 1114112K
  class space    used 7038K, committed 7296K, reserved 1048576K
}
Event: 4.934 GC heap before
{Heap before GC invocations=16 (full 0):
 garbage-first heap   total 55296K, used 42153K [0x0000000703000000, 0x0000000800000000)
  region size 2048K, 9 young (18432K), 2 survivors (4096K)
 Metaspace       used 55413K, committed 55872K, reserved 1114112K
  class space    used 7313K, committed 7552K, reserved 1048576K
}
Event: 4.937 GC heap after
{Heap after GC invocations=17 (full 0):
 garbage-first heap   total 157696K, used 28760K [0x0000000703000000, 0x0000000800000000)
  region size 2048K, 2 young (4096K), 2 survivors (4096K)
 Metaspace       used 55413K, committed 55872K, reserved 1114112K
  class space    used 7313K, committed 7552K, reserved 1048576K
}
Event: 5.958 GC heap before
{Heap before GC invocations=18 (full 0):
 garbage-first heap   total 116736K, used 94296K [0x0000000703000000, 0x0000000800000000)
  region size 2048K, 34 young (69632K), 2 survivors (4096K)
 Metaspace       used 68777K, committed 69312K, reserved 1114112K
  class space    used 9305K, committed 9536K, reserved 1048576K
}
Event: 5.961 GC heap after
{Heap after GC invocations=19 (full 0):
 garbage-first heap   total 116736K, used 32103K [0x0000000703000000, 0x0000000800000000)
  region size 2048K, 3 young (6144K), 3 survivors (6144K)
 Metaspace       used 68777K, committed 69312K, reserved 1114112K
  class space    used 9305K, committed 9536K, reserved 1048576K
}
Event: 5.982 GC heap before
{Heap before GC invocations=19 (full 0):
 garbage-first heap   total 116736K, used 34151K [0x0000000703000000, 0x0000000800000000)
  region size 2048K, 4 young (8192K), 3 survivors (6144K)
 Metaspace       used 68892K, committed 69504K, reserved 1114112K
  class space    used 9315K, committed 9600K, reserved 1048576K
}
Event: 5.984 GC heap after
{Heap after GC invocations=20 (full 0):
 garbage-first heap   total 116736K, used 32487K [0x0000000703000000, 0x0000000800000000)
  region size 2048K, 1 young (2048K), 1 survivors (2048K)
 Metaspace       used 68892K, committed 69504K, reserved 1114112K
  class space    used 9315K, committed 9600K, reserved 1048576K
}
Event: 7.009 GC heap before
{Heap before GC invocations=20 (full 0):
 garbage-first heap   total 116736K, used 89831K [0x0000000703000000, 0x0000000800000000)
  region size 2048K, 29 young (59392K), 1 survivors (2048K)
 Metaspace       used 76921K, committed 77632K, reserved 1179648K
  class space    used 10464K, committed 10816K, reserved 1048576K
}
Event: 7.013 GC heap after
{Heap after GC invocations=21 (full 0):
 garbage-first heap   total 116736K, used 36492K [0x0000000703000000, 0x0000000800000000)
  region size 2048K, 3 young (6144K), 3 survivors (6144K)
 Metaspace       used 76921K, committed 77632K, reserved 1179648K
  class space    used 10464K, committed 10816K, reserved 1048576K
}
Event: 7.584 GC heap before
{Heap before GC invocations=21 (full 0):
 garbage-first heap   total 116736K, used 89740K [0x0000000703000000, 0x0000000800000000)
  region size 2048K, 29 young (59392K), 3 survivors (6144K)
 Metaspace       used 81795K, committed 82752K, reserved 1179648K
  class space    used 11031K, committed 11520K, reserved 1048576K
}
Event: 7.589 GC heap after
{Heap after GC invocations=22 (full 0):
 garbage-first heap   total 116736K, used 43683K [0x0000000703000000, 0x0000000800000000)
  region size 2048K, 4 young (8192K), 4 survivors (8192K)
 Metaspace       used 81795K, committed 82752K, reserved 1179648K
  class space    used 11031K, committed 11520K, reserved 1048576K
}

