# JRE version: Java(TM) SE Runtime Environment (17.0.9+11) (build 17.0.9+11-LTS-201)
# Java VM: Java HotSpot(TM) 64-Bit Server VM (17.0.9+11-LTS-201, mixed mode, sharing, tiered, compressed oops, compressed class ptrs, g1 gc, windows-amd64)
GC Precious Log:
 CPUs: 12 total, 12 available
 Memory: 16190M
 Large Page Support: Disabled
 NUMA Support: Disabled
 Compressed Oops: Enabled (Zero based)
 Heap Region Size: 2M
 Heap Min Capacity: 8M
 Heap Initial Capacity: 254M
 Heap Max Capacity: 4048M
 Pre-touch: Disabled
 Parallel Workers: 10
 Concurrent Workers: 3
 Concurrent Refinement Workers: 10
 Periodic GC: Disabled
Heap:
 garbage-first heap   total 161792K, used 64369K [0x0000000703000000, 0x0000000800000000)
  region size 2048K, 16 young (32768K), 6 survivors (12288K)
 Metaspace       used 87420K, committed 88512K, reserved 1179648K
  class space    used 11804K, committed 12352K, reserved 1048576K
GC Heap History (20 events):
Event: 4.656 GC heap before
{Heap before GC invocations=18 (full 0):
 garbage-first heap   total 61440K, used 45877K [0x0000000703000000, 0x0000000800000000)
  region size 2048K, 10 young (20480K), 1 survivors (2048K)
 Metaspace       used 62298K, committed 62848K, reserved 1114112K
  class space    used 8458K, committed 8704K, reserved 1048576K
}
Event: 4.657 GC heap after
{Heap after GC invocations=19 (full 0):
 garbage-first heap   total 61440K, used 29967K [0x0000000703000000, 0x0000000800000000)
  region size 2048K, 2 young (4096K), 2 survivors (4096K)
 Metaspace       used 62298K, committed 62848K, reserved 1114112K
  class space    used 8458K, committed 8704K, reserved 1048576K
}
Event: 4.680 GC heap before
{Heap before GC invocations=19 (full 0):
 garbage-first heap   total 61440K, used 32015K [0x0000000703000000, 0x0000000800000000)
  region size 2048K, 3 young (6144K), 2 survivors (4096K)
 Metaspace       used 62907K, committed 63488K, reserved 1114112K
  class space    used 8528K, committed 8832K, reserved 1048576K
}
Event: 4.683 GC heap after
{Heap after GC invocations=20 (full 0):
 garbage-first heap   total 61440K, used 30555K [0x0000000703000000, 0x0000000800000000)
  region size 2048K, 1 young (2048K), 1 survivors (2048K)
 Metaspace       used 62907K, committed 63488K, reserved 1114112K
  class space    used 8528K, committed 8832K, reserved 1048576K
}
Event: 4.942 GC heap before
{Heap before GC invocations=20 (full 0):
 garbage-first heap   total 61440K, used 48987K [0x0000000703000000, 0x0000000800000000)
  region size 2048K, 10 young (20480K), 1 survivors (2048K)
 Metaspace       used 66677K, committed 67264K, reserved 1114112K
  class space    used 8984K, committed 9280K, reserved 1048576K
}
Event: 4.944 GC heap after
{Heap after GC invocations=21 (full 0):
 garbage-first heap   total 61440K, used 31908K [0x0000000703000000, 0x0000000800000000)
  region size 2048K, 2 young (4096K), 2 survivors (4096K)
 Metaspace       used 66677K, committed 67264K, reserved 1114112K
  class space    used 8984K, committed 9280K, reserved 1048576K
}
Event: 5.187 GC heap before
{Heap before GC invocations=22 (full 0):
 garbage-first heap   total 61440K, used 48292K [0x0000000703000000, 0x0000000800000000)
  region size 2048K, 10 young (20480K), 2 survivors (4096K)
 Metaspace       used 68881K, committed 69440K, reserved 1114112K
  class space    used 9371K, committed 9664K, reserved 1048576K
}
Event: 5.189 GC heap after
{Heap after GC invocations=23 (full 0):
 garbage-first heap   total 61440K, used 33257K [0x0000000703000000, 0x0000000800000000)
  region size 2048K, 2 young (4096K), 2 survivors (4096K)
 Metaspace       used 68881K, committed 69440K, reserved 1114112K
  class space    used 9371K, committed 9664K, reserved 1048576K
}
Event: 5.217 GC heap before
{Heap before GC invocations=23 (full 0):
 garbage-first heap   total 61440K, used 35305K [0x0000000703000000, 0x0000000800000000)
  region size 2048K, 3 young (6144K), 2 survivors (4096K)
 Metaspace       used 69098K, committed 69632K, reserved 1114112K
  class space    used 9405K, committed 9664K, reserved 1048576K
}
Event: 5.219 GC heap after
{Heap after GC invocations=24 (full 0):
 garbage-first heap   total 61440K, used 32860K [0x0000000703000000, 0x0000000800000000)
  region size 2048K, 1 young (2048K), 1 survivors (2048K)
 Metaspace       used 69098K, committed 69632K, reserved 1114112K
  class space    used 9405K, committed 9664K, reserved 1048576K
}
Event: 5.449 GC heap before
{Heap before GC invocations=24 (full 0):
 garbage-first heap   total 61440K, used 49244K [0x0000000703000000, 0x0000000800000000)
  region size 2048K, 9 young (18432K), 1 survivors (2048K)
 Metaspace       used 71347K, committed 71936K, reserved 1114112K
  class space    used 9721K, committed 9984K, reserved 1048576K
}
Event: 5.450 GC heap after
{Heap after GC invocations=25 (full 0):
 garbage-first heap   total 61440K, used 33900K [0x0000000703000000, 0x0000000800000000)
  region size 2048K, 1 young (2048K), 1 survivors (2048K)
 Metaspace       used 71347K, committed 71936K, reserved 1114112K
  class space    used 9721K, committed 9984K, reserved 1048576K
}
Event: 5.690 GC heap before
{Heap before GC invocations=26 (full 0):
 garbage-first heap   total 61440K, used 50284K [0x0000000703000000, 0x0000000800000000)
  region size 2048K, 9 young (18432K), 1 survivors (2048K)
 Metaspace       used 73554K, committed 74176K, reserved 1114112K
  class space    used 10045K, committed 10304K, reserved 1048576K
}
Event: 5.692 GC heap after
{Heap after GC invocations=27 (full 0):
 garbage-first heap   total 61440K, used 35649K [0x0000000703000000, 0x0000000800000000)
  region size 2048K, 2 young (4096K), 2 survivors (4096K)
 Metaspace       used 73554K, committed 74176K, reserved 1114112K
  class space    used 10045K, committed 10304K, reserved 1048576K
}
Event: 5.732 GC heap before
{Heap before GC invocations=27 (full 0):
 garbage-first heap   total 61440K, used 37697K [0x0000000703000000, 0x0000000800000000)
  region size 2048K, 3 young (6144K), 2 survivors (4096K)
 Metaspace       used 73781K, committed 74432K, reserved 1114112K
  class space    used 10080K, committed 10368K, reserved 1048576K
}
Event: 5.735 GC heap after
{Heap after GC invocations=28 (full 0):
 garbage-first heap   total 61440K, used 35818K [0x0000000703000000, 0x0000000800000000)
  region size 2048K, 1 young (2048K), 1 survivors (2048K)
 Metaspace       used 73781K, committed 74432K, reserved 1114112K
  class space    used 10080K, committed 10368K, reserved 1048576K
}
Event: 6.025 GC heap before
{Heap before GC invocations=28 (full 0):
 garbage-first heap   total 61440K, used 48106K [0x0000000703000000, 0x0000000800000000)
  region size 2048K, 7 young (14336K), 1 survivors (2048K)
 Metaspace       used 76245K, committed 76928K, reserved 1179648K
  class space    used 10400K, committed 10688K, reserved 1048576K
}
Event: 6.028 GC heap after
{Heap after GC invocations=29 (full 0):
 garbage-first heap   total 161792K, used 36474K [0x0000000703000000, 0x0000000800000000)
  region size 2048K, 1 young (2048K), 1 survivors (2048K)
 Metaspace       used 76245K, committed 76928K, reserved 1179648K
  class space    used 10400K, committed 10688K, reserved 1048576K
}
Event: 11.866 GC heap before
{Heap before GC invocations=29 (full 0):
 garbage-first heap   total 161792K, used 120442K [0x0000000703000000, 0x0000000800000000)
  region size 2048K, 42 young (86016K), 1 survivors (2048K)
 Metaspace       used 84441K, committed 85440K, reserved 1179648K
  class space    used 11408K, committed 11904K, reserved 1048576K
}
Event: 11.872 GC heap after
{Heap after GC invocations=30 (full 0):
 garbage-first heap   total 161792K, used 45937K [0x0000000703000000, 0x0000000800000000)
  region size 2048K, 6 young (12288K), 6 survivors (12288K)
 Metaspace       used 84441K, committed 85440K, reserved 1179648K
  class space    used 11408K, committed 11904K, reserved 1048576K
}

